2021-12-27 15:20:38.946  INFO 8932 --- [restartedMain] Day5EmployeePayrollAppProgramApplication : Starting Day5EmployeePayrollAppProgramApplication using Java 17.0.1 on HP with PID 8932 (G:\Day5_EmployeePayrollAppProgram\target\classes started by HP WORLD in G:\Day5_EmployeePayrollAppProgram)
2021-12-27 15:20:38.998 DEBUG 8932 --- [restartedMain] Day5EmployeePayrollAppProgramApplication : Running with Spring Boot v2.6.2, Spring v5.3.14
2021-12-27 15:20:38.999  INFO 8932 --- [restartedMain] Day5EmployeePayrollAppProgramApplication : No active profile set, falling back to default profiles: default
2021-12-27 15:20:43.020  WARN 8932 --- [restartedMain] JpaBaseConfiguration$JpaWebConfiguration : spring.jpa.open-in-view is enabled by default. Therefore, database queries may be performed during view rendering. Explicitly configure spring.jpa.open-in-view to disable this warning
2021-12-27 15:20:44.121  INFO 8932 --- [restartedMain] Day5EmployeePayrollAppProgramApplication : Started Day5EmployeePayrollAppProgramApplication in 6.288 seconds (JVM running for 131.786)
2021-12-27 15:20:44.130  INFO 8932 --- [restartedMain] Day5EmployeePayrollAppProgramApplication : EmployeePayRoll App  started
2021-12-27 15:20:45.842  INFO 8932 --- [restartedMain] Day5EmployeePayrollAppProgramApplication : Starting Day5EmployeePayrollAppProgramApplication using Java 17.0.1 on HP with PID 8932 (G:\Day5_EmployeePayrollAppProgram\target\classes started by HP WORLD in G:\Day5_EmployeePayrollAppProgram)
2021-12-27 15:20:45.843 DEBUG 8932 --- [restartedMain] Day5EmployeePayrollAppProgramApplication : Running with Spring Boot v2.6.2, Spring v5.3.14
2021-12-27 15:20:45.844  INFO 8932 --- [restartedMain] Day5EmployeePayrollAppProgramApplication : No active profile set, falling back to default profiles: default
2021-12-27 15:20:47.754  WARN 8932 --- [restartedMain] JpaBaseConfiguration$JpaWebConfiguration : spring.jpa.open-in-view is enabled by default. Therefore, database queries may be performed during view rendering. Explicitly configure spring.jpa.open-in-view to disable this warning
2021-12-27 15:20:48.570  INFO 8932 --- [restartedMain] Day5EmployeePayrollAppProgramApplication : Started Day5EmployeePayrollAppProgramApplication in 2.853 seconds (JVM running for 136.237)
2021-12-27 15:20:48.578  INFO 8932 --- [restartedMain] Day5EmployeePayrollAppProgramApplication : EmployeePayRoll App  started
2021-12-27 15:21:06.571  INFO 7200 --- [restartedMain] Day5EmployeePayrollAppProgramApplication : Starting Day5EmployeePayrollAppProgramApplication using Java 17.0.1 on HP with PID 7200 (G:\Day5_EmployeePayrollAppProgram\target\classes started by HP WORLD in G:\Day5_EmployeePayrollAppProgram)
2021-12-27 15:21:06.576 DEBUG 7200 --- [restartedMain] Day5EmployeePayrollAppProgramApplication : Running with Spring Boot v2.6.2, Spring v5.3.14
2021-12-27 15:21:06.578  INFO 7200 --- [restartedMain] Day5EmployeePayrollAppProgramApplication : No active profile set, falling back to default profiles: default
2021-12-27 15:21:19.588  WARN 7200 --- [restartedMain] JpaBaseConfiguration$JpaWebConfiguration : spring.jpa.open-in-view is enabled by default. Therefore, database queries may be performed during view rendering. Explicitly configure spring.jpa.open-in-view to disable this warning
2021-12-27 15:21:21.784  INFO 7200 --- [restartedMain] Day5EmployeePayrollAppProgramApplication : Started Day5EmployeePayrollAppProgramApplication in 17.219 seconds (JVM running for 21.414)
2021-12-27 15:21:21.797  INFO 7200 --- [restartedMain] Day5EmployeePayrollAppProgramApplication : EmployeePayRoll App  started
2021-12-27 15:58:08.133 ERROR 7200 --- [http-nio-8083-exec-1] o.a.c.c.C.[.[.[/].[dispatcherServlet]    : Servlet.service() for servlet [dispatcherServlet] in context with path [] threw exception [Request processing failed; nested exception is java.lang.IndexOutOfBoundsException: Index 1 out of bounds for length 0] with root cause

java.lang.IndexOutOfBoundsException: Index 1 out of bounds for length 0
	at java.base/jdk.internal.util.Preconditions.outOfBounds(Preconditions.java:64) ~[na:na]
	at java.base/jdk.internal.util.Preconditions.outOfBoundsCheckIndex(Preconditions.java:70) ~[na:na]
	at java.base/jdk.internal.util.Preconditions.checkIndex(Preconditions.java:266) ~[na:na]
	at java.base/java.util.Objects.checkIndex(Objects.java:359) ~[na:na]
	at java.base/java.util.ArrayList.get(ArrayList.java:427) ~[na:na]
	at com.bridgelabz.employeepayrollapp.service.EmployeePayrollService.getEmployeePayrollDataById(EmployeePayrollService.java:22) ~[classes/:na]
	at com.bridgelabz.employeepayrollapp.service.EmployeePayrollService.updateEmployeePayrollData(EmployeePayrollService.java:35) ~[classes/:na]
	at com.bridgelabz.employeepayrollapp.controller.EmployeePayrollController.updateEmployeePayrollData(EmployeePayrollController.java:73) ~[classes/:na]
	at java.base/jdk.internal.reflect.NativeMethodAccessorImpl.invoke0(Native Method) ~[na:na]
	at java.base/jdk.internal.reflect.NativeMethodAccessorImpl.invoke(NativeMethodAccessorImpl.java:77) ~[na:na]
	at java.base/jdk.internal.reflect.DelegatingMethodAccessorImpl.invoke(DelegatingMethodAccessorImpl.java:43) ~[na:na]
	at java.base/java.lang.reflect.Method.invoke(Method.java:568) ~[na:na]
	at org.springframework.web.method.support.InvocableHandlerMethod.doInvoke(InvocableHandlerMethod.java:205) ~[spring-web-5.3.14.jar:5.3.14]
	at org.springframework.web.method.support.InvocableHandlerMethod.invokeForRequest(InvocableHandlerMethod.java:150) ~[spring-web-5.3.14.jar:5.3.14]
	at org.springframework.web.servlet.mvc.method.annotation.ServletInvocableHandlerMethod.invokeAndHandle(ServletInvocableHandlerMethod.java:117) ~[spring-webmvc-5.3.14.jar:5.3.14]
	at org.springframework.web.servlet.mvc.method.annotation.RequestMappingHandlerAdapter.invokeHandlerMethod(RequestMappingHandlerAdapter.java:895) ~[spring-webmvc-5.3.14.jar:5.3.14]
	at org.springframework.web.servlet.mvc.method.annotation.RequestMappingHandlerAdapter.handleInternal(RequestMappingHandlerAdapter.java:808) ~[spring-webmvc-5.3.14.jar:5.3.14]
	at org.springframework.web.servlet.mvc.method.AbstractHandlerMethodAdapter.handle(AbstractHandlerMethodAdapter.java:87) ~[spring-webmvc-5.3.14.jar:5.3.14]
	at org.springframework.web.servlet.DispatcherServlet.doDispatch(DispatcherServlet.java:1067) ~[spring-webmvc-5.3.14.jar:5.3.14]
	at org.springframework.web.servlet.DispatcherServlet.doService(DispatcherServlet.java:963) ~[spring-webmvc-5.3.14.jar:5.3.14]
	at org.springframework.web.servlet.FrameworkServlet.processRequest(FrameworkServlet.java:1006) ~[spring-webmvc-5.3.14.jar:5.3.14]
	at org.springframework.web.servlet.FrameworkServlet.doPut(FrameworkServlet.java:920) ~[spring-webmvc-5.3.14.jar:5.3.14]
	at javax.servlet.http.HttpServlet.service(HttpServlet.java:684) ~[tomcat-embed-core-9.0.56.jar:4.0.FR]
	at org.springframework.web.servlet.FrameworkServlet.service(FrameworkServlet.java:883) ~[spring-webmvc-5.3.14.jar:5.3.14]
	at javax.servlet.http.HttpServlet.service(HttpServlet.java:764) ~[tomcat-embed-core-9.0.56.jar:4.0.FR]
	at org.apache.catalina.core.ApplicationFilterChain.internalDoFilter(ApplicationFilterChain.java:227) ~[tomcat-embed-core-9.0.56.jar:9.0.56]
	at org.apache.catalina.core.ApplicationFilterChain.doFilter(ApplicationFilterChain.java:162) ~[tomcat-embed-core-9.0.56.jar:9.0.56]
	at org.apache.tomcat.websocket.server.WsFilter.doFilter(WsFilter.java:53) ~[tomcat-embed-websocket-9.0.56.jar:9.0.56]
	at org.apache.catalina.core.ApplicationFilterChain.internalDoFilter(ApplicationFilterChain.java:189) ~[tomcat-embed-core-9.0.56.jar:9.0.56]
	at org.apache.catalina.core.ApplicationFilterChain.doFilter(ApplicationFilterChain.java:162) ~[tomcat-embed-core-9.0.56.jar:9.0.56]
	at org.springframework.web.filter.RequestContextFilter.doFilterInternal(RequestContextFilter.java:100) ~[spring-web-5.3.14.jar:5.3.14]
	at org.springframework.web.filter.OncePerRequestFilter.doFilter(OncePerRequestFilter.java:117) ~[spring-web-5.3.14.jar:5.3.14]
	at org.apache.catalina.core.ApplicationFilterChain.internalDoFilter(ApplicationFilterChain.java:189) ~[tomcat-embed-core-9.0.56.jar:9.0.56]
	at org.apache.catalina.core.ApplicationFilterChain.doFilter(ApplicationFilterChain.java:162) ~[tomcat-embed-core-9.0.56.jar:9.0.56]
	at org.springframework.web.filter.FormContentFilter.doFilterInternal(FormContentFilter.java:93) ~[spring-web-5.3.14.jar:5.3.14]
	at org.springframework.web.filter.OncePerRequestFilter.doFilter(OncePerRequestFilter.java:117) ~[spring-web-5.3.14.jar:5.3.14]
	at org.apache.catalina.core.ApplicationFilterChain.internalDoFilter(ApplicationFilterChain.java:189) ~[tomcat-embed-core-9.0.56.jar:9.0.56]
	at org.apache.catalina.core.ApplicationFilterChain.doFilter(ApplicationFilterChain.java:162) ~[tomcat-embed-core-9.0.56.jar:9.0.56]
	at org.springframework.web.filter.CharacterEncodingFilter.doFilterInternal(CharacterEncodingFilter.java:201) ~[spring-web-5.3.14.jar:5.3.14]
	at org.springframework.web.filter.OncePerRequestFilter.doFilter(OncePerRequestFilter.java:117) ~[spring-web-5.3.14.jar:5.3.14]
	at org.apache.catalina.core.ApplicationFilterChain.internalDoFilter(ApplicationFilterChain.java:189) ~[tomcat-embed-core-9.0.56.jar:9.0.56]
	at org.apache.catalina.core.ApplicationFilterChain.doFilter(ApplicationFilterChain.java:162) ~[tomcat-embed-core-9.0.56.jar:9.0.56]
	at org.apache.catalina.core.StandardWrapperValve.invoke(StandardWrapperValve.java:197) ~[tomcat-embed-core-9.0.56.jar:9.0.56]
	at org.apache.catalina.core.StandardContextValve.invoke(StandardContextValve.java:97) ~[tomcat-embed-core-9.0.56.jar:9.0.56]
	at org.apache.catalina.authenticator.AuthenticatorBase.invoke(AuthenticatorBase.java:540) ~[tomcat-embed-core-9.0.56.jar:9.0.56]
	at org.apache.catalina.core.StandardHostValve.invoke(StandardHostValve.java:135) ~[tomcat-embed-core-9.0.56.jar:9.0.56]
	at org.apache.catalina.valves.ErrorReportValve.invoke(ErrorReportValve.java:92) ~[tomcat-embed-core-9.0.56.jar:9.0.56]
	at org.apache.catalina.core.StandardEngineValve.invoke(StandardEngineValve.java:78) ~[tomcat-embed-core-9.0.56.jar:9.0.56]
	at org.apache.catalina.connector.CoyoteAdapter.service(CoyoteAdapter.java:357) ~[tomcat-embed-core-9.0.56.jar:9.0.56]
	at org.apache.coyote.http11.Http11Processor.service(Http11Processor.java:382) ~[tomcat-embed-core-9.0.56.jar:9.0.56]
	at org.apache.coyote.AbstractProcessorLight.process(AbstractProcessorLight.java:65) ~[tomcat-embed-core-9.0.56.jar:9.0.56]
	at org.apache.coyote.AbstractProtocol$ConnectionHandler.process(AbstractProtocol.java:895) ~[tomcat-embed-core-9.0.56.jar:9.0.56]
	at org.apache.tomcat.util.net.NioEndpoint$SocketProcessor.doRun(NioEndpoint.java:1732) ~[tomcat-embed-core-9.0.56.jar:9.0.56]
	at org.apache.tomcat.util.net.SocketProcessorBase.run(SocketProcessorBase.java:49) ~[tomcat-embed-core-9.0.56.jar:9.0.56]
	at org.apache.tomcat.util.threads.ThreadPoolExecutor.runWorker(ThreadPoolExecutor.java:1191) ~[tomcat-embed-core-9.0.56.jar:9.0.56]
	at org.apache.tomcat.util.threads.ThreadPoolExecutor$Worker.run(ThreadPoolExecutor.java:659) ~[tomcat-embed-core-9.0.56.jar:9.0.56]
	at org.apache.tomcat.util.threads.TaskThread$WrappingRunnable.run(TaskThread.java:61) ~[tomcat-embed-core-9.0.56.jar:9.0.56]
	at java.base/java.lang.Thread.run(Thread.java:833) ~[na:na]

2021-12-27 16:07:13.462  INFO 7200 --- [restartedMain] Day5EmployeePayrollAppProgramApplication : Starting Day5EmployeePayrollAppProgramApplication using Java 17.0.1 on HP with PID 7200 (G:\Day5_EmployeePayrollAppProgram\target\classes started by HP WORLD in G:\Day5_EmployeePayrollAppProgram)
2021-12-27 16:07:13.464 DEBUG 7200 --- [restartedMain] Day5EmployeePayrollAppProgramApplication : Running with Spring Boot v2.6.2, Spring v5.3.14
2021-12-27 16:07:13.465  INFO 7200 --- [restartedMain] Day5EmployeePayrollAppProgramApplication : No active profile set, falling back to default profiles: default
2021-12-27 16:07:16.956  WARN 7200 --- [restartedMain] JpaBaseConfiguration$JpaWebConfiguration : spring.jpa.open-in-view is enabled by default. Therefore, database queries may be performed during view rendering. Explicitly configure spring.jpa.open-in-view to disable this warning
2021-12-27 16:07:19.256  INFO 7200 --- [restartedMain] Day5EmployeePayrollAppProgramApplication : Started Day5EmployeePayrollAppProgramApplication in 6.12 seconds (JVM running for 2778.886)
2021-12-27 16:07:19.266  INFO 7200 --- [restartedMain] Day5EmployeePayrollAppProgramApplication : EmployeePayRoll App  started
2021-12-27 16:09:14.611  INFO 7200 --- [restartedMain] Day5EmployeePayrollAppProgramApplication : Starting Day5EmployeePayrollAppProgramApplication using Java 17.0.1 on HP with PID 7200 (G:\Day5_EmployeePayrollAppProgram\target\classes started by HP WORLD in G:\Day5_EmployeePayrollAppProgram)
2021-12-27 16:09:14.618 DEBUG 7200 --- [restartedMain] Day5EmployeePayrollAppProgramApplication : Running with Spring Boot v2.6.2, Spring v5.3.14
2021-12-27 16:09:14.619  INFO 7200 --- [restartedMain] Day5EmployeePayrollAppProgramApplication : No active profile set, falling back to default profiles: default
2021-12-27 16:09:18.506  WARN 7200 --- [restartedMain] JpaBaseConfiguration$JpaWebConfiguration : spring.jpa.open-in-view is enabled by default. Therefore, database queries may be performed during view rendering. Explicitly configure spring.jpa.open-in-view to disable this warning
2021-12-27 16:09:19.898  INFO 7200 --- [restartedMain] Day5EmployeePayrollAppProgramApplication : Started Day5EmployeePayrollAppProgramApplication in 5.52 seconds (JVM running for 2899.528)
2021-12-27 16:09:19.910  INFO 7200 --- [restartedMain] Day5EmployeePayrollAppProgramApplication : EmployeePayRoll App  started
2021-12-27 16:09:29.534  INFO 7200 --- [restartedMain] Day5EmployeePayrollAppProgramApplication : Starting Day5EmployeePayrollAppProgramApplication using Java 17.0.1 on HP with PID 7200 (G:\Day5_EmployeePayrollAppProgram\target\classes started by HP WORLD in G:\Day5_EmployeePayrollAppProgram)
2021-12-27 16:09:29.537 DEBUG 7200 --- [restartedMain] Day5EmployeePayrollAppProgramApplication : Running with Spring Boot v2.6.2, Spring v5.3.14
2021-12-27 16:09:29.539  INFO 7200 --- [restartedMain] Day5EmployeePayrollAppProgramApplication : No active profile set, falling back to default profiles: default
2021-12-27 16:09:32.386  WARN 7200 --- [restartedMain] JpaBaseConfiguration$JpaWebConfiguration : spring.jpa.open-in-view is enabled by default. Therefore, database queries may be performed during view rendering. Explicitly configure spring.jpa.open-in-view to disable this warning
2021-12-27 16:09:33.286  INFO 7200 --- [restartedMain] Day5EmployeePayrollAppProgramApplication : Started Day5EmployeePayrollAppProgramApplication in 3.941 seconds (JVM running for 2912.916)
2021-12-27 16:09:33.292  INFO 7200 --- [restartedMain] Day5EmployeePayrollAppProgramApplication : EmployeePayRoll App  started
2021-12-27 16:10:03.481  INFO 7200 --- [restartedMain] Day5EmployeePayrollAppProgramApplication : Starting Day5EmployeePayrollAppProgramApplication using Java 17.0.1 on HP with PID 7200 (G:\Day5_EmployeePayrollAppProgram\target\classes started by HP WORLD in G:\Day5_EmployeePayrollAppProgram)
2021-12-27 16:10:03.483 DEBUG 7200 --- [restartedMain] Day5EmployeePayrollAppProgramApplication : Running with Spring Boot v2.6.2, Spring v5.3.14
2021-12-27 16:10:03.484  INFO 7200 --- [restartedMain] Day5EmployeePayrollAppProgramApplication : No active profile set, falling back to default profiles: default
2021-12-27 16:10:05.745  WARN 7200 --- [restartedMain] JpaBaseConfiguration$JpaWebConfiguration : spring.jpa.open-in-view is enabled by default. Therefore, database queries may be performed during view rendering. Explicitly configure spring.jpa.open-in-view to disable this warning
2021-12-27 16:10:06.623  INFO 7200 --- [restartedMain] Day5EmployeePayrollAppProgramApplication : Started Day5EmployeePayrollAppProgramApplication in 3.331 seconds (JVM running for 2946.253)
2021-12-27 16:10:06.635  INFO 7200 --- [restartedMain] Day5EmployeePayrollAppProgramApplication : EmployeePayRoll App  started
